<?xml version="1.0" encoding="UTF-8"?>
<coverage generated="1523394682564" clover="3.2.0">
  <project timestamp="1523394682565" name="All files">
    <metrics statements="165" coveredstatements="42" conditionals="40" coveredconditionals="4" methods="36" coveredmethods="15" elements="241" coveredelements="61" complexity="0" loc="165" ncloc="165" packages="11" files="17" classes="17">
      <package name="src">
        <metrics statements="1" coveredstatements="1" conditionals="0" coveredconditionals="0" methods="0" coveredmethods="0"/>
        <file name="setupTests.js" path="/Users/lucid/Dev2/career-path/src/setupTests.js">
          <metrics statements="1" coveredstatements="1" conditionals="0" coveredconditionals="0" methods="0" coveredmethods="0"/>
          <line num="4" count="6" type="stmt"/>
        </file>
      </package>
      <package name="src.components">
        <metrics statements="0" coveredstatements="0" conditionals="0" coveredconditionals="0" methods="0" coveredmethods="0"/>
        <file name="index.js" path="/Users/lucid/Dev2/career-path/src/components/index.js">
          <metrics statements="0" coveredstatements="0" conditionals="0" coveredconditionals="0" methods="0" coveredmethods="0"/>
        </file>
      </package>
      <package name="src.components.Button">
        <metrics statements="10" coveredstatements="10" conditionals="0" coveredconditionals="0" methods="4" coveredmethods="2"/>
        <file name="AnswerButton.js" path="/Users/lucid/Dev2/career-path/src/components/Button/AnswerButton.js">
          <metrics statements="5" coveredstatements="5" conditionals="0" coveredconditionals="0" methods="2" coveredmethods="1"/>
          <line num="5" count="2" type="stmt"/>
          <line num="10" count="2" type="stmt"/>
          <line num="16" count="3" type="stmt"/>
          <line num="17" count="3" type="stmt"/>
          <line num="24" count="2" type="stmt"/>
        </file>
        <file name="IconButton.js" path="/Users/lucid/Dev2/career-path/src/components/Button/IconButton.js">
          <metrics statements="5" coveredstatements="5" conditionals="0" coveredconditionals="0" methods="2" coveredmethods="1"/>
          <line num="5" count="2" type="stmt"/>
          <line num="10" count="2" type="stmt"/>
          <line num="16" count="3" type="stmt"/>
          <line num="17" count="3" type="stmt"/>
          <line num="28" count="2" type="stmt"/>
        </file>
      </package>
      <package name="src.components.Header">
        <metrics statements="4" coveredstatements="4" conditionals="0" coveredconditionals="0" methods="1" coveredmethods="1"/>
        <file name="Header.js" path="/Users/lucid/Dev2/career-path/src/components/Header/Header.js">
          <metrics statements="4" coveredstatements="4" conditionals="0" coveredconditionals="0" methods="1" coveredmethods="1"/>
          <line num="5" count="2" type="stmt"/>
          <line num="9" count="2" type="stmt"/>
          <line num="14" count="2" type="stmt"/>
          <line num="21" count="2" type="stmt"/>
        </file>
      </package>
      <package name="src.components.Input">
        <metrics statements="14" coveredstatements="12" conditionals="0" coveredconditionals="0" methods="8" coveredmethods="6"/>
        <file name="SearchInput.js" path="/Users/lucid/Dev2/career-path/src/components/Input/SearchInput.js">
          <metrics statements="14" coveredstatements="12" conditionals="0" coveredconditionals="0" methods="8" coveredmethods="6"/>
          <line num="17" count="4" type="stmt"/>
          <line num="20" count="1" type="stmt"/>
          <line num="25" count="1" type="stmt"/>
          <line num="26" count="1" type="stmt"/>
          <line num="27" count="1" type="stmt"/>
          <line num="30" count="2" type="stmt"/>
          <line num="31" count="2" type="stmt"/>
          <line num="34" count="1" type="stmt"/>
          <line num="38" count="1" type="stmt"/>
          <line num="41" count="1" type="stmt"/>
          <line num="42" count="0" type="stmt"/>
          <line num="48" count="10" type="stmt"/>
          <line num="58" count="0" type="stmt"/>
          <line num="66" count="2" type="stmt"/>
        </file>
      </package>
      <package name="src.data">
        <metrics statements="3" coveredstatements="0" conditionals="0" coveredconditionals="0" methods="1" coveredmethods="0"/>
        <file name="jobs.js" path="/Users/lucid/Dev2/career-path/src/data/jobs.js">
          <metrics statements="3" coveredstatements="0" conditionals="0" coveredconditionals="0" methods="1" coveredmethods="0"/>
          <line num="1" count="0" type="stmt"/>
          <line num="3" count="0" type="stmt"/>
          <line num="52" count="0" type="stmt"/>
        </file>
      </package>
      <package name="src.navigation">
        <metrics statements="16" coveredstatements="0" conditionals="8" coveredconditionals="0" methods="2" coveredmethods="0"/>
        <file name="RootNavigation.js" path="/Users/lucid/Dev2/career-path/src/navigation/RootNavigation.js">
          <metrics statements="16" coveredstatements="0" conditionals="8" coveredconditionals="0" methods="2" coveredmethods="0"/>
          <line num="1" count="0" type="stmt"/>
          <line num="2" count="0" type="stmt"/>
          <line num="3" count="0" type="stmt"/>
          <line num="4" count="0" type="stmt"/>
          <line num="14" count="0" type="stmt"/>
          <line num="32" count="0" type="stmt"/>
          <line num="44" count="0" type="stmt"/>
          <line num="60" count="0" type="stmt"/>
          <line num="61" count="0" type="stmt"/>
          <line num="62" count="0" type="stmt"/>
          <line num="63" count="0" type="stmt"/>
          <line num="64" count="0" type="cond" truecount="0" falsecount="2"/>
          <line num="65" count="0" type="cond" truecount="0" falsecount="2"/>
          <line num="66" count="0" type="cond" truecount="0" falsecount="2"/>
          <line num="67" count="0" type="cond" truecount="0" falsecount="2"/>
          <line num="69" count="0" type="stmt"/>
        </file>
      </package>
      <package name="src.redux">
        <metrics statements="6" coveredstatements="6" conditionals="3" coveredconditionals="2" methods="2" coveredmethods="2"/>
        <file name="assessments.js" path="/Users/lucid/Dev2/career-path/src/redux/assessments.js">
          <metrics statements="6" coveredstatements="6" conditionals="3" coveredconditionals="2" methods="2" coveredmethods="2"/>
          <line num="1" count="2" type="stmt"/>
          <line num="4" count="5" type="stmt"/>
          <line num="10" count="2" type="stmt"/>
          <line num="15" count="2" type="cond" truecount="2" falsecount="0"/>
          <line num="17" count="1" type="stmt"/>
          <line num="22" count="1" type="stmt"/>
        </file>
      </package>
      <package name="src.screens">
        <metrics statements="7" coveredstatements="0" conditionals="0" coveredconditionals="0" methods="0" coveredmethods="0"/>
        <file name="index.js" path="/Users/lucid/Dev2/career-path/src/screens/index.js">
          <metrics statements="7" coveredstatements="0" conditionals="0" coveredconditionals="0" methods="0" coveredmethods="0"/>
          <line num="1" count="0" type="stmt"/>
          <line num="2" count="0" type="stmt"/>
          <line num="3" count="0" type="stmt"/>
          <line num="4" count="0" type="stmt"/>
          <line num="5" count="0" type="stmt"/>
          <line num="6" count="0" type="stmt"/>
          <line num="7" count="0" type="stmt"/>
        </file>
      </package>
      <package name="src.screens.Assessment">
        <metrics statements="39" coveredstatements="9" conditionals="12" coveredconditionals="2" methods="10" coveredmethods="4"/>
        <file name="AssessmentScreen.js" path="/Users/lucid/Dev2/career-path/src/screens/Assessment/AssessmentScreen.js">
          <metrics statements="10" coveredstatements="9" conditionals="2" coveredconditionals="2" methods="5" coveredmethods="4"/>
          <line num="14" count="5" type="stmt"/>
          <line num="15" count="5" type="stmt"/>
          <line num="16" count="3" type="stmt"/>
          <line num="17" count="3" type="stmt"/>
          <line num="19" count="1" type="stmt"/>
          <line num="23" count="1" type="stmt"/>
          <line num="26" count="1" type="stmt"/>
          <line num="29" count="4" type="stmt"/>
          <line num="43" count="1" type="stmt"/>
          <line num="59" count="0" type="stmt"/>
        </file>
        <file name="QuestionnaireScreen.js" path="/Users/lucid/Dev2/career-path/src/screens/Assessment/QuestionnaireScreen.js">
          <metrics statements="29" coveredstatements="0" conditionals="10" coveredconditionals="0" methods="5" coveredmethods="0"/>
          <line num="1" count="0" type="stmt"/>
          <line num="2" count="0" type="stmt"/>
          <line num="3" count="0" type="stmt"/>
          <line num="4" count="0" type="stmt"/>
          <line num="5" count="0" type="stmt"/>
          <line num="6" count="0" type="stmt"/>
          <line num="7" count="0" type="stmt"/>
          <line num="9" count="0" type="stmt"/>
          <line num="24" count="0" type="stmt"/>
          <line num="25" count="0" type="stmt"/>
          <line num="26" count="0" type="stmt"/>
          <line num="30" count="0" type="cond" truecount="0" falsecount="2"/>
          <line num="31" count="0" type="stmt"/>
          <line num="34" count="0" type="cond" truecount="0" falsecount="6"/>
          <line num="35" count="0" type="stmt"/>
          <line num="36" count="0" type="cond" truecount="0" falsecount="2"/>
          <line num="37" count="0" type="stmt"/>
          <line num="39" count="0" type="stmt"/>
          <line num="41" count="0" type="stmt"/>
          <line num="45" count="0" type="stmt"/>
          <line num="47" count="0" type="stmt"/>
          <line num="48" count="0" type="stmt"/>
          <line num="49" count="0" type="stmt"/>
          <line num="51" count="0" type="stmt"/>
          <line num="52" count="0" type="stmt"/>
          <line num="58" count="0" type="stmt"/>
          <line num="62" count="0" type="stmt"/>
          <line num="66" count="0" type="stmt"/>
          <line num="77" count="0" type="stmt"/>
        </file>
      </package>
      <package name="src.screens.Careers">
        <metrics statements="65" coveredstatements="0" conditionals="17" coveredconditionals="0" methods="8" coveredmethods="0"/>
        <file name="CareersListScreen.js" path="/Users/lucid/Dev2/career-path/src/screens/Careers/CareersListScreen.js">
          <metrics statements="12" coveredstatements="0" conditionals="0" coveredconditionals="0" methods="2" coveredmethods="0"/>
          <line num="1" count="0" type="stmt"/>
          <line num="2" count="0" type="stmt"/>
          <line num="5" count="0" type="stmt"/>
          <line num="6" count="0" type="stmt"/>
          <line num="7" count="0" type="stmt"/>
          <line num="12" count="0" type="stmt"/>
          <line num="14" count="0" type="stmt"/>
          <line num="15" count="0" type="stmt"/>
          <line num="16" count="0" type="stmt"/>
          <line num="24" count="0" type="stmt"/>
          <line num="29" count="0" type="stmt"/>
          <line num="35" count="0" type="stmt"/>
        </file>
        <file name="CareersScreen.js" path="/Users/lucid/Dev2/career-path/src/screens/Careers/CareersScreen.js">
          <metrics statements="10" coveredstatements="0" conditionals="0" coveredconditionals="0" methods="0" coveredmethods="0"/>
          <line num="1" count="0" type="stmt"/>
          <line num="2" count="0" type="stmt"/>
          <line num="3" count="0" type="stmt"/>
          <line num="4" count="0" type="stmt"/>
          <line num="5" count="0" type="stmt"/>
          <line num="12" count="0" type="stmt"/>
          <line num="15" count="0" type="stmt"/>
          <line num="18" count="0" type="stmt"/>
          <line num="21" count="0" type="stmt"/>
          <line num="35" count="0" type="stmt"/>
        </file>
        <file name="CategoriesListScreen.js" path="/Users/lucid/Dev2/career-path/src/screens/Careers/CategoriesListScreen.js">
          <metrics statements="10" coveredstatements="0" conditionals="0" coveredconditionals="0" methods="2" coveredmethods="0"/>
          <line num="1" count="0" type="stmt"/>
          <line num="2" count="0" type="stmt"/>
          <line num="3" count="0" type="stmt"/>
          <line num="10" count="0" type="stmt"/>
          <line num="12" count="0" type="stmt"/>
          <line num="13" count="0" type="stmt"/>
          <line num="14" count="0" type="stmt"/>
          <line num="22" count="0" type="stmt"/>
          <line num="27" count="0" type="stmt"/>
          <line num="33" count="0" type="stmt"/>
        </file>
        <file name="FilterScreen.js" path="/Users/lucid/Dev2/career-path/src/screens/Careers/FilterScreen.js">
          <metrics statements="26" coveredstatements="0" conditionals="17" coveredconditionals="0" methods="4" coveredmethods="0"/>
          <line num="1" count="0" type="stmt"/>
          <line num="2" count="0" type="stmt"/>
          <line num="3" count="0" type="stmt"/>
          <line num="4" count="0" type="stmt"/>
          <line num="5" count="0" type="stmt"/>
          <line num="6" count="0" type="stmt"/>
          <line num="17" count="0" type="stmt"/>
          <line num="18" count="0" type="stmt"/>
          <line num="19" count="0" type="cond" truecount="0" falsecount="5"/>
          <line num="20" count="0" type="stmt"/>
          <line num="21" count="0" type="stmt"/>
          <line num="22" count="0" type="stmt"/>
          <line num="23" count="0" type="cond" truecount="0" falsecount="4"/>
          <line num="24" count="0" type="stmt"/>
          <line num="26" count="0" type="cond" truecount="0" falsecount="4"/>
          <line num="27" count="0" type="stmt"/>
          <line num="29" count="0" type="cond" truecount="0" falsecount="4"/>
          <line num="30" count="0" type="stmt"/>
          <line num="32" count="0" type="stmt"/>
          <line num="34" count="0" type="stmt"/>
          <line num="37" count="0" type="stmt"/>
          <line num="38" count="0" type="stmt"/>
          <line num="44" count="0" type="stmt"/>
          <line num="53" count="0" type="stmt"/>
          <line num="62" count="0" type="stmt"/>
          <line num="76" count="0" type="stmt"/>
        </file>
        <file name="JobScreen.js" path="/Users/lucid/Dev2/career-path/src/screens/Careers/JobScreen.js">
          <metrics statements="7" coveredstatements="0" conditionals="0" coveredconditionals="0" methods="0" coveredmethods="0"/>
          <line num="1" count="0" type="stmt"/>
          <line num="2" count="0" type="stmt"/>
          <line num="5" count="0" type="stmt"/>
          <line num="6" count="0" type="stmt"/>
          <line num="7" count="0" type="stmt"/>
          <line num="12" count="0" type="stmt"/>
          <line num="13" count="0" type="stmt"/>
        </file>
      </package>
    </metrics>
  </project>
</coverage>
