{"/Users/lucid/Dev2/career-path/src/setupTests.js": {"path":"/Users/lucid/Dev2/career-path/src/setupTests.js","statementMap":{"0":{"start":{"line":4,"column":0},"end":{"line":4,"column":35}}},"fnMap":{},"branchMap":{},"s":{"0":5},"f":{},"b":{},"_coverageSchema":"332fd63041d2c1bcb487cc26dd0d5f7d97098a6c","hash":"8fbe8829d9da2aab5be8738d1e277411c5e75ff6"}
,"/Users/lucid/Dev2/career-path/src/components/index.js": {"path":"/Users/lucid/Dev2/career-path/src/components/index.js","statementMap":{"0":{"start":{"line":1,"column":0},"end":{"line":null,"column":-1}},"1":{"start":{"line":2,"column":0},"end":{"line":null,"column":-1}},"2":{"start":{"line":3,"column":0},"end":{"line":null,"column":-1}},"3":{"start":{"line":4,"column":0},"end":{"line":null,"column":-1}}},"fnMap":{},"branchMap":{},"s":{"0":0,"1":0,"2":0,"3":0},"f":{},"b":{}}
,"/Users/lucid/Dev2/career-path/src/components/Button/AnswerButton.js": {"path":"/Users/lucid/Dev2/career-path/src/components/Button/AnswerButton.js","statementMap":{"0":{"start":{"line":5,"column":0},"end":{"line":8,"column":1}},"1":{"start":{"line":10,"column":0},"end":{"line":13,"column":1}},"2":{"start":{"line":16,"column":36},"end":{"line":16,"column":41}},"3":{"start":{"line":17,"column":2},"end":{"line":21,"column":3}},"4":{"start":{"line":24,"column":15},"end":{"line":37,"column":2}}},"fnMap":{"0":{"name":"(anonymous_0)","decl":{"start":{"line":11,"column":11},"end":{"line":11,"column":12}},"loc":{"start":{"line":11,"column":17},"end":{"line":11,"column":19}},"line":11},"1":{"name":"AnswerButton","decl":{"start":{"line":15,"column":24},"end":{"line":15,"column":36}},"loc":{"start":{"line":15,"column":45},"end":{"line":22,"column":1}},"line":15}},"branchMap":{},"s":{"0":1,"1":1,"2":3,"3":3,"4":1},"f":{"0":0,"1":3},"b":{},"_coverageSchema":"332fd63041d2c1bcb487cc26dd0d5f7d97098a6c","hash":"26204bb0b3d8d6279ea3570965c8e28a6de5aaa5"}
,"/Users/lucid/Dev2/career-path/src/components/Button/IconButton.js": {"path":"/Users/lucid/Dev2/career-path/src/components/Button/IconButton.js","statementMap":{"0":{"start":{"line":5,"column":0},"end":{"line":8,"column":1}},"1":{"start":{"line":10,"column":0},"end":{"line":13,"column":1}},"2":{"start":{"line":16,"column":39},"end":{"line":16,"column":44}},"3":{"start":{"line":17,"column":2},"end":{"line":25,"column":3}},"4":{"start":{"line":28,"column":15},"end":{"line":46,"column":2}}},"fnMap":{"0":{"name":"(anonymous_0)","decl":{"start":{"line":11,"column":11},"end":{"line":11,"column":12}},"loc":{"start":{"line":11,"column":17},"end":{"line":11,"column":19}},"line":11},"1":{"name":"IconButton","decl":{"start":{"line":15,"column":24},"end":{"line":15,"column":34}},"loc":{"start":{"line":15,"column":43},"end":{"line":26,"column":1}},"line":15}},"branchMap":{},"s":{"0":1,"1":1,"2":3,"3":3,"4":1},"f":{"0":0,"1":3},"b":{},"_coverageSchema":"332fd63041d2c1bcb487cc26dd0d5f7d97098a6c","hash":"df579485a5c4314833883bb5c421f48e17b94f3d"}
,"/Users/lucid/Dev2/career-path/src/components/Header/Header.js": {"path":"/Users/lucid/Dev2/career-path/src/components/Header/Header.js","statementMap":{"0":{"start":{"line":5,"column":0},"end":{"line":7,"column":1}},"1":{"start":{"line":9,"column":0},"end":{"line":11,"column":1}},"2":{"start":{"line":14,"column":2},"end":{"line":18,"column":3}},"3":{"start":{"line":21,"column":15},"end":{"line":25,"column":2}}},"fnMap":{"0":{"name":"Header","decl":{"start":{"line":13,"column":24},"end":{"line":13,"column":30}},"loc":{"start":{"line":13,"column":39},"end":{"line":19,"column":1}},"line":13}},"branchMap":{},"s":{"0":1,"1":1,"2":2,"3":1},"f":{"0":2},"b":{},"_coverageSchema":"332fd63041d2c1bcb487cc26dd0d5f7d97098a6c","hash":"fdb51623f66e59db55ac96702ead2e199bc648da"}
,"/Users/lucid/Dev2/career-path/src/components/Input/SearchInput.js": {"path":"/Users/lucid/Dev2/career-path/src/components/Input/SearchInput.js","statementMap":{"0":{"start":{"line":17,"column":4},"end":{"line":17,"column":65}},"1":{"start":{"line":20,"column":20},"end":{"line":24,"column":5}},"2":{"start":{"line":25,"column":17},"end":{"line":25,"column":51}},"3":{"start":{"line":26,"column":20},"end":{"line":26,"column":48}},"4":{"start":{"line":27,"column":4},"end":{"line":27,"column":28}},"5":{"start":{"line":30,"column":4},"end":{"line":30,"column":25}},"6":{"start":{"line":31,"column":4},"end":{"line":31,"column":26}},"7":{"start":{"line":34,"column":4},"end":{"line":37,"column":6}},"8":{"start":{"line":38,"column":4},"end":{"line":38,"column":34}},"9":{"start":{"line":41,"column":4},"end":{"line":45,"column":5}},"10":{"start":{"line":42,"column":39},"end":{"line":42,"column":67}},"11":{"start":{"line":48,"column":4},"end":{"line":62,"column":5}},"12":{"start":{"line":58,"column":36},"end":{"line":58,"column":45}},"13":{"start":{"line":66,"column":15},"end":{"line":93,"column":2}}},"fnMap":{"0":{"name":"(anonymous_0)","decl":{"start":{"line":16,"column":2},"end":{"line":16,"column":3}},"loc":{"start":{"line":16,"column":23},"end":{"line":18,"column":3}},"line":16},"1":{"name":"(anonymous_1)","decl":{"start":{"line":19,"column":21},"end":{"line":19,"column":22}},"loc":{"start":{"line":19,"column":27},"end":{"line":28,"column":3}},"line":19},"2":{"name":"(anonymous_2)","decl":{"start":{"line":29,"column":24},"end":{"line":29,"column":25}},"loc":{"start":{"line":29,"column":34},"end":{"line":32,"column":3}},"line":29},"3":{"name":"(anonymous_3)","decl":{"start":{"line":33,"column":22},"end":{"line":33,"column":23}},"loc":{"start":{"line":33,"column":32},"end":{"line":39,"column":3}},"line":33},"4":{"name":"(anonymous_4)","decl":{"start":{"line":40,"column":15},"end":{"line":40,"column":16}},"loc":{"start":{"line":40,"column":27},"end":{"line":46,"column":3}},"line":40},"5":{"name":"(anonymous_5)","decl":{"start":{"line":42,"column":33},"end":{"line":42,"column":34}},"loc":{"start":{"line":42,"column":39},"end":{"line":42,"column":67}},"line":42},"6":{"name":"(anonymous_6)","decl":{"start":{"line":47,"column":2},"end":{"line":47,"column":3}},"loc":{"start":{"line":47,"column":12},"end":{"line":63,"column":3}},"line":47},"7":{"name":"(anonymous_7)","decl":{"start":{"line":58,"column":26},"end":{"line":58,"column":27}},"loc":{"start":{"line":58,"column":36},"end":{"line":58,"column":45}},"line":58}},"branchMap":{},"s":{"0":4,"1":1,"2":1,"3":1,"4":1,"5":2,"6":2,"7":1,"8":1,"9":1,"10":0,"11":10,"12":0,"13":1},"f":{"0":4,"1":1,"2":2,"3":1,"4":1,"5":0,"6":10,"7":0},"b":{},"_coverageSchema":"332fd63041d2c1bcb487cc26dd0d5f7d97098a6c","hash":"b6718d2ffc2838e7dc90c180b183df46a92dc863"}
,"/Users/lucid/Dev2/career-path/src/data/jobs.js": {"path":"/Users/lucid/Dev2/career-path/src/data/jobs.js","statementMap":{"0":{"start":{"line":1,"column":0},"end":{"line":null,"column":-1}},"1":{"start":{"line":3,"column":19},"end":{"line":3,"column":0}},"2":{"start":{"line":52,"column":13},"end":{"line":52,"column":7}},"3":{"start":{"line":52,"column":41},"end":{"line":52,"column":19}}},"fnMap":{"0":{"name":"(anonymous_1)","decl":{"start":{"line":52,"column":41},"end":{"line":52,"column":41}},"loc":{"start":{"line":52,"column":41},"end":{"line":52,"column":20}}}},"branchMap":{},"s":{"0":0,"1":0,"2":0,"3":0},"f":{"0":0},"b":{}}
,"/Users/lucid/Dev2/career-path/src/navigation/RootNavigation.js": {"path":"/Users/lucid/Dev2/career-path/src/navigation/RootNavigation.js","statementMap":{"0":{"start":{"line":1,"column":0},"end":{"line":null,"column":-1}},"1":{"start":{"line":2,"column":0},"end":{"line":3,"column":-1}},"2":{"start":{"line":3,"column":0},"end":{"line":4,"column":-1}},"3":{"start":{"line":4,"column":0},"end":{"line":null,"column":-1}},"4":{"start":{"line":14,"column":21},"end":{"line":14,"column":0}},"5":{"start":{"line":32,"column":24},"end":{"line":32,"column":0}},"6":{"start":{"line":44,"column":23},"end":{"line":44,"column":0}},"7":{"start":{"line":60,"column":23},"end":{"line":60,"column":22}},"8":{"start":{"line":60,"column":23},"end":{"line":59,"column":1}},"9":{"start":{"line":61,"column":46},"end":{"line":61,"column":45}},"10":{"start":{"line":62,"column":30},"end":{"line":61,"column":46}},"11":{"start":{"line":63,"column":12},"end":{"line":63,"column":8}},"12":{"start":{"line":64,"column":8},"end":{"line":69,"column":8}},"13":{"start":{"line":65,"column":10},"end":{"line":66,"column":9}},"14":{"start":{"line":66,"column":15},"end":{"line":69,"column":8}},"15":{"start":{"line":67,"column":10},"end":{"line":68,"column":9}},"16":{"start":{"line":69,"column":8},"end":{"line":70,"column":7}}},"fnMap":{"0":{"name":"navigationOptions","decl":{"start":{"line":60,"column":23},"end":{"line":60,"column":25}},"loc":{"start":{"line":60,"column":23},"end":{"line":59,"column":2}}},"1":{"name":"tabBarIcon","decl":{"start":{"line":61,"column":18},"end":{"line":61,"column":45}},"loc":{"start":{"line":61,"column":46},"end":{"line":60,"column":44}}}},"branchMap":{"0":{"loc":{"start":{"line":64,"column":8},"end":{"line":69,"column":8}},"type":"if","locations":[{"start":{"line":64,"column":8},"end":{"line":69,"column":8}},{"start":{"line":64,"column":8},"end":{"line":69,"column":8}}]},"1":{"loc":{"start":{"line":65,"column":47},"end":{"line":65,"column":37}},"type":"cond-expr","locations":[{"start":{"line":65,"column":47},"end":{"line":65,"column":37}},{"start":{"line":65,"column":52},"end":{"line":65,"column":10}}]},"2":{"loc":{"start":{"line":66,"column":15},"end":{"line":69,"column":8}},"type":"if","locations":[{"start":{"line":66,"column":15},"end":{"line":69,"column":8}},{"start":{"line":66,"column":15},"end":{"line":69,"column":8}}]},"3":{"loc":{"start":{"line":67,"column":46},"end":{"line":67,"column":36}},"type":"cond-expr","locations":[{"start":{"line":67,"column":46},"end":{"line":67,"column":36}},{"start":{"line":67,"column":51},"end":{"line":67,"column":10}}]}},"s":{"0":0,"1":0,"2":0,"3":0,"4":0,"5":0,"6":0,"7":0,"8":0,"9":0,"10":0,"11":0,"12":0,"13":0,"14":0,"15":0,"16":0},"f":{"0":0,"1":0},"b":{"0":[0,0],"1":[0,0],"2":[0,0],"3":[0,0]}}
,"/Users/lucid/Dev2/career-path/src/redux/assessments.js": {"path":"/Users/lucid/Dev2/career-path/src/redux/assessments.js","statementMap":{"0":{"start":{"line":1,"column":23},"end":{"line":1,"column":39}},"1":{"start":{"line":4,"column":2},"end":{"line":7,"column":3}},"2":{"start":{"line":10,"column":21},"end":{"line":12,"column":1}},"3":{"start":{"line":15,"column":2},"end":{"line":23,"column":3}},"4":{"start":{"line":17,"column":6},"end":{"line":20,"column":7}},"5":{"start":{"line":22,"column":6},"end":{"line":22,"column":18}}},"fnMap":{"0":{"name":"setAssessment","decl":{"start":{"line":3,"column":16},"end":{"line":3,"column":29}},"loc":{"start":{"line":3,"column":43},"end":{"line":8,"column":1}},"line":3},"1":{"name":"assessments","decl":{"start":{"line":14,"column":24},"end":{"line":14,"column":35}},"loc":{"start":{"line":14,"column":67},"end":{"line":24,"column":1}},"line":14}},"branchMap":{"0":{"loc":{"start":{"line":14,"column":37},"end":{"line":14,"column":57}},"type":"default-arg","locations":[{"start":{"line":14,"column":45},"end":{"line":14,"column":57}}],"line":14},"1":{"loc":{"start":{"line":15,"column":2},"end":{"line":23,"column":3}},"type":"switch","locations":[{"start":{"line":16,"column":4},"end":{"line":20,"column":7}},{"start":{"line":21,"column":4},"end":{"line":22,"column":18}}],"line":15}},"s":{"0":1,"1":1,"2":1,"3":2,"4":1,"5":1},"f":{"0":1,"1":2},"b":{"0":[0],"1":[1,1]},"_coverageSchema":"332fd63041d2c1bcb487cc26dd0d5f7d97098a6c","hash":"aef47088d483a6fc7b0ee358af2713a386722113"}
,"/Users/lucid/Dev2/career-path/src/screens/index.js": {"path":"/Users/lucid/Dev2/career-path/src/screens/index.js","statementMap":{"0":{"start":{"line":1,"column":0},"end":{"line":null,"column":-1}},"1":{"start":{"line":2,"column":0},"end":{"line":null,"column":-1}},"2":{"start":{"line":3,"column":0},"end":{"line":null,"column":-1}},"3":{"start":{"line":4,"column":0},"end":{"line":null,"column":-1}},"4":{"start":{"line":5,"column":0},"end":{"line":null,"column":-1}},"5":{"start":{"line":6,"column":0},"end":{"line":null,"column":-1}},"6":{"start":{"line":7,"column":0},"end":{"line":null,"column":-1}}},"fnMap":{},"branchMap":{},"s":{"0":0,"1":0,"2":0,"3":0,"4":0,"5":0,"6":0},"f":{},"b":{}}
,"/Users/lucid/Dev2/career-path/src/screens/Assessment/AssessmentScreen.js": {"path":"/Users/lucid/Dev2/career-path/src/screens/Assessment/AssessmentScreen.js","statementMap":{"0":{"start":{"line":1,"column":0},"end":{"line":null,"column":-1}},"1":{"start":{"line":2,"column":0},"end":{"line":3,"column":-1}},"2":{"start":{"line":3,"column":0},"end":{"line":4,"column":-1}},"3":{"start":{"line":4,"column":0},"end":{"line":5,"column":-1}},"4":{"start":{"line":5,"column":0},"end":{"line":6,"column":-1}},"5":{"start":{"line":6,"column":0},"end":{"line":7,"column":-1}},"6":{"start":{"line":7,"column":0},"end":{"line":null,"column":-1}},"7":{"start":{"line":23,"column":4},"end":{"line":24,"column":3}},"8":{"start":{"line":26,"column":4},"end":{"line":27,"column":3}},"9":{"start":{"line":15,"column":12},"end":{"line":16,"column":12}},"10":{"start":{"line":16,"column":12},"end":{"line":17,"column":6}},"11":{"start":{"line":29,"column":4},"end":{"line":40,"column":3}},"12":{"start":{"line":43,"column":15},"end":{"line":43,"column":0}},"13":{"start":{"line":59,"column":2},"end":{"line":62,"column":1}}},"fnMap":{},"branchMap":{"0":{"loc":{"start":{"line":31,"column":9},"end":{"line":31,"column":8}},"type":"binary-expr","locations":[{"start":{"line":31,"column":9},"end":{"line":31,"column":8}},{"start":{"line":32,"column":10},"end":{"line":30,"column":6}}]}},"s":{"0":0,"1":0,"2":0,"3":0,"4":0,"5":0,"6":0,"7":0,"8":0,"9":0,"10":0,"11":0,"12":0,"13":0},"f":{},"b":{"0":[0,0]}}
,"/Users/lucid/Dev2/career-path/src/screens/Assessment/QuestionnaireScreen.js": {"path":"/Users/lucid/Dev2/career-path/src/screens/Assessment/QuestionnaireScreen.js","statementMap":{"0":{"start":{"line":1,"column":0},"end":{"line":null,"column":-1}},"1":{"start":{"line":2,"column":0},"end":{"line":3,"column":-1}},"2":{"start":{"line":3,"column":0},"end":{"line":4,"column":-1}},"3":{"start":{"line":4,"column":0},"end":{"line":5,"column":-1}},"4":{"start":{"line":5,"column":0},"end":{"line":6,"column":-1}},"5":{"start":{"line":6,"column":0},"end":{"line":7,"column":-1}},"6":{"start":{"line":7,"column":0},"end":{"line":null,"column":-1}},"7":{"start":{"line":9,"column":18},"end":{"line":9,"column":0}},"8":{"start":{"line":24,"column":28},"end":{"line":24,"column":4}},"9":{"start":{"line":25,"column":10},"end":{"line":25,"column":4}},"10":{"start":{"line":26,"column":4},"end":{"line":30,"column":4}},"11":{"start":{"line":30,"column":4},"end":{"line":33,"column":3}},"12":{"start":{"line":31,"column":6},"end":{"line":32,"column":5}},"13":{"start":{"line":34,"column":26},"end":{"line":null,"column":-1}},"14":{"start":{"line":35,"column":10},"end":{"line":41,"column":10}},"15":{"start":{"line":36,"column":6},"end":{"line":39,"column":6}},"16":{"start":{"line":37,"column":8},"end":{"line":38,"column":7}},"17":{"start":{"line":39,"column":6},"end":{"line":40,"column":5}},"18":{"start":{"line":41,"column":10},"end":{"line":34,"column":26}},"19":{"start":{"line":34,"column":26},"end":{"line":43,"column":11}},"20":{"start":{"line":34,"column":26},"end":{"line":45,"column":5}},"21":{"start":{"line":34,"column":26},"end":{"line":45,"column":6}},"22":{"start":{"line":45,"column":6},"end":{"line":34,"column":26}},"23":{"start":{"line":47,"column":4},"end":{"line":48,"column":4}},"24":{"start":{"line":48,"column":4},"end":{"line":49,"column":4}},"25":{"start":{"line":49,"column":4},"end":{"line":34,"column":26}},"26":{"start":{"line":51,"column":12},"end":{"line":52,"column":3}},"27":{"start":{"line":52,"column":4},"end":{"line":74,"column":3}},"28":{"start":{"line":58,"column":21},"end":{"line":56,"column":9}},"29":{"start":{"line":62,"column":21},"end":{"line":60,"column":9}},"30":{"start":{"line":66,"column":21},"end":{"line":64,"column":9}},"31":{"start":{"line":77,"column":15},"end":{"line":77,"column":0}}},"fnMap":{"0":{"name":"_callee$","decl":{"start":{"line":34,"column":26},"end":{"line":35,"column":9}},"loc":{"start":{"line":34,"column":26},"end":{"line":null,"column":-1}}},"1":{"name":"(anonymous_13)","decl":{"start":{"line":35,"column":34},"end":{"line":35,"column":34}},"loc":{"start":{"line":35,"column":48},"end":{"line":35,"column":19}}},"2":{"name":"onPress","decl":{"start":{"line":58,"column":21},"end":{"line":58,"column":26}},"loc":{"start":{"line":58,"column":21},"end":{"line":56,"column":10}}},"3":{"name":"onPress","decl":{"start":{"line":62,"column":21},"end":{"line":62,"column":26}},"loc":{"start":{"line":62,"column":21},"end":{"line":60,"column":10}}},"4":{"name":"onPress","decl":{"start":{"line":66,"column":21},"end":{"line":66,"column":26}},"loc":{"start":{"line":66,"column":21},"end":{"line":64,"column":10}}}},"branchMap":{"0":{"loc":{"start":{"line":30,"column":4},"end":{"line":33,"column":3}},"type":"if","locations":[{"start":{"line":30,"column":4},"end":{"line":33,"column":3}},{"start":{"line":30,"column":4},"end":{"line":33,"column":3}}]},"1":{"loc":{"start":{"line":34,"column":26},"end":{"line":45,"column":5}},"type":"switch","locations":[{"start":{"line":34,"column":26},"end":{"line":45,"column":5}},{"start":{"line":34,"column":26},"end":{"line":45,"column":5}},{"start":{"line":34,"column":26},"end":{"line":34,"column":25}},{"start":{"line":34,"column":26},"end":{"line":34,"column":25}},{"start":{"line":34,"column":26},"end":{"line":null,"column":-1}},{"start":{"line":34,"column":26},"end":{"line":null,"column":-1}}]},"2":{"loc":{"start":{"line":36,"column":6},"end":{"line":39,"column":6}},"type":"if","locations":[{"start":{"line":36,"column":6},"end":{"line":39,"column":6}},{"start":{"line":36,"column":6},"end":{"line":39,"column":6}}]}},"s":{"0":0,"1":0,"2":0,"3":0,"4":0,"5":0,"6":0,"7":0,"8":0,"9":0,"10":0,"11":0,"12":0,"13":0,"14":0,"15":0,"16":0,"17":0,"18":0,"19":0,"20":0,"21":0,"22":0,"23":0,"24":0,"25":0,"26":0,"27":0,"28":0,"29":0,"30":0,"31":0},"f":{"0":0,"1":0,"2":0,"3":0,"4":0},"b":{"0":[0,0],"1":[0,0,0,0,0,0],"2":[0,0]}}
,"/Users/lucid/Dev2/career-path/src/screens/Careers/CareersListScreen.js": {"path":"/Users/lucid/Dev2/career-path/src/screens/Careers/CareersListScreen.js","statementMap":{"0":{"start":{"line":1,"column":0},"end":{"line":null,"column":-1}},"1":{"start":{"line":2,"column":0},"end":{"line":null,"column":-1}},"2":{"start":{"line":12,"column":4},"end":{"line":13,"column":3}},"3":{"start":{"line":14,"column":27},"end":{"line":14,"column":26}},"4":{"start":{"line":15,"column":4},"end":{"line":22,"column":3}},"5":{"start":{"line":16,"column":33},"end":{"line":16,"column":5}},"6":{"start":{"line":24,"column":4},"end":{"line":32,"column":3}},"7":{"start":{"line":29,"column":24},"end":{"line":26,"column":7}},"8":{"start":{"line":5,"column":49},"end":{"line":5,"column":48}},"9":{"start":{"line":6,"column":23},"end":{"line":5,"column":49}},"10":{"start":{"line":7,"column":4},"end":{"line":10,"column":3}},"11":{"start":{"line":35,"column":15},"end":{"line":35,"column":0}}},"fnMap":{"0":{"name":"onPress","decl":{"start":{"line":16,"column":33},"end":{"line":16,"column":38}},"loc":{"start":{"line":16,"column":33},"end":{"line":16,"column":6}}},"1":{"name":"keyExtractor","decl":{"start":{"line":29,"column":24},"end":{"line":29,"column":24}},"loc":{"start":{"line":29,"column":24},"end":{"line":26,"column":8}}}},"branchMap":{},"s":{"0":0,"1":0,"2":0,"3":0,"4":0,"5":0,"6":0,"7":0,"8":0,"9":0,"10":0,"11":0},"f":{"0":0,"1":0},"b":{}}
,"/Users/lucid/Dev2/career-path/src/screens/Careers/CareersScreen.js": {"path":"/Users/lucid/Dev2/career-path/src/screens/Careers/CareersScreen.js","statementMap":{"0":{"start":{"line":1,"column":0},"end":{"line":null,"column":-1}},"1":{"start":{"line":2,"column":0},"end":{"line":3,"column":-1}},"2":{"start":{"line":3,"column":0},"end":{"line":4,"column":-1}},"3":{"start":{"line":4,"column":0},"end":{"line":5,"column":-1}},"4":{"start":{"line":5,"column":0},"end":{"line":null,"column":-1}},"5":{"start":{"line":12,"column":4},"end":{"line":13,"column":3}},"6":{"start":{"line":15,"column":4},"end":{"line":16,"column":3}},"7":{"start":{"line":18,"column":4},"end":{"line":19,"column":3}},"8":{"start":{"line":21,"column":4},"end":{"line":32,"column":3}},"9":{"start":{"line":35,"column":15},"end":{"line":35,"column":0}}},"fnMap":{},"branchMap":{},"s":{"0":0,"1":0,"2":0,"3":0,"4":0,"5":0,"6":0,"7":0,"8":0,"9":0},"f":{},"b":{}}
,"/Users/lucid/Dev2/career-path/src/screens/Careers/CategoriesListScreen.js": {"path":"/Users/lucid/Dev2/career-path/src/screens/Careers/CategoriesListScreen.js","statementMap":{"0":{"start":{"line":1,"column":0},"end":{"line":null,"column":-1}},"1":{"start":{"line":2,"column":0},"end":{"line":3,"column":-1}},"2":{"start":{"line":3,"column":0},"end":{"line":null,"column":-1}},"3":{"start":{"line":10,"column":4},"end":{"line":11,"column":3}},"4":{"start":{"line":12,"column":27},"end":{"line":12,"column":26}},"5":{"start":{"line":13,"column":4},"end":{"line":20,"column":3}},"6":{"start":{"line":14,"column":33},"end":{"line":14,"column":5}},"7":{"start":{"line":22,"column":4},"end":{"line":30,"column":3}},"8":{"start":{"line":27,"column":24},"end":{"line":24,"column":7}},"9":{"start":{"line":33,"column":15},"end":{"line":33,"column":0}}},"fnMap":{"0":{"name":"onPress","decl":{"start":{"line":14,"column":33},"end":{"line":14,"column":38}},"loc":{"start":{"line":14,"column":33},"end":{"line":14,"column":6}}},"1":{"name":"keyExtractor","decl":{"start":{"line":27,"column":24},"end":{"line":27,"column":24}},"loc":{"start":{"line":27,"column":24},"end":{"line":24,"column":8}}}},"branchMap":{},"s":{"0":0,"1":0,"2":0,"3":0,"4":0,"5":0,"6":0,"7":0,"8":0,"9":0},"f":{"0":0,"1":0},"b":{}}
,"/Users/lucid/Dev2/career-path/src/screens/Careers/FilterScreen.js": {"path":"/Users/lucid/Dev2/career-path/src/screens/Careers/FilterScreen.js","statementMap":{"0":{"start":{"line":1,"column":0},"end":{"line":null,"column":-1}},"1":{"start":{"line":2,"column":0},"end":{"line":3,"column":-1}},"2":{"start":{"line":3,"column":0},"end":{"line":4,"column":-1}},"3":{"start":{"line":4,"column":0},"end":{"line":5,"column":-1}},"4":{"start":{"line":5,"column":0},"end":{"line":6,"column":-1}},"5":{"start":{"line":6,"column":0},"end":{"line":null,"column":-1}},"6":{"start":{"line":18,"column":48},"end":{"line":17,"column":30}},"7":{"start":{"line":17,"column":30},"end":{"line":17,"column":29}},"8":{"start":{"line":19,"column":4},"end":{"line":36,"column":3}},"9":{"start":{"line":20,"column":22},"end":{"line":20,"column":6}},"10":{"start":{"line":21,"column":46},"end":{"line":20,"column":44}},"11":{"start":{"line":22,"column":19},"end":{"line":22,"column":8}},"12":{"start":{"line":23,"column":8},"end":{"line":26,"column":8}},"13":{"start":{"line":24,"column":10},"end":{"line":25,"column":9}},"14":{"start":{"line":26,"column":8},"end":{"line":29,"column":8}},"15":{"start":{"line":27,"column":10},"end":{"line":28,"column":9}},"16":{"start":{"line":29,"column":8},"end":{"line":32,"column":8}},"17":{"start":{"line":30,"column":10},"end":{"line":31,"column":9}},"18":{"start":{"line":32,"column":8},"end":{"line":33,"column":7}},"19":{"start":{"line":34,"column":6},"end":{"line":35,"column":5}},"20":{"start":{"line":37,"column":12},"end":{"line":38,"column":3}},"21":{"start":{"line":38,"column":4},"end":{"line":73,"column":3}},"22":{"start":{"line":44,"column":25},"end":{"line":41,"column":7}},"23":{"start":{"line":53,"column":25},"end":{"line":50,"column":7}},"24":{"start":{"line":62,"column":25},"end":{"line":59,"column":7}},"25":{"start":{"line":76,"column":15},"end":{"line":76,"column":0}}},"fnMap":{"0":{"name":"(anonymous_10)","decl":{"start":{"line":20,"column":37},"end":{"line":20,"column":43}},"loc":{"start":{"line":20,"column":44},"end":{"line":20,"column":22}}},"1":{"name":"onValueChange","decl":{"start":{"line":44,"column":25},"end":{"line":44,"column":37}},"loc":{"start":{"line":44,"column":25},"end":{"line":41,"column":8}}},"2":{"name":"onValueChange","decl":{"start":{"line":53,"column":25},"end":{"line":53,"column":37}},"loc":{"start":{"line":53,"column":25},"end":{"line":50,"column":8}}},"3":{"name":"onValueChange","decl":{"start":{"line":62,"column":25},"end":{"line":62,"column":37}},"loc":{"start":{"line":62,"column":25},"end":{"line":59,"column":8}}}},"branchMap":{"0":{"loc":{"start":{"line":19,"column":4},"end":{"line":36,"column":3}},"type":"if","locations":[{"start":{"line":19,"column":4},"end":{"line":36,"column":3}},{"start":{"line":19,"column":4},"end":{"line":36,"column":3}}]},"1":{"loc":{"start":{"line":19,"column":8},"end":{"line":19,"column":20}},"type":"binary-expr","locations":[{"start":{"line":19,"column":8},"end":{"line":19,"column":20}},{"start":{"line":19,"column":21},"end":{"line":19,"column":8}},{"start":{"line":19,"column":34},"end":{"line":19,"column":4}}]},"2":{"loc":{"start":{"line":23,"column":8},"end":{"line":26,"column":8}},"type":"if","locations":[{"start":{"line":23,"column":8},"end":{"line":26,"column":8}},{"start":{"line":23,"column":8},"end":{"line":26,"column":8}}]},"3":{"loc":{"start":{"line":23,"column":12},"end":{"line":23,"column":24}},"type":"binary-expr","locations":[{"start":{"line":23,"column":12},"end":{"line":23,"column":24}},{"start":{"line":23,"column":25},"end":{"line":23,"column":8}}]},"4":{"loc":{"start":{"line":26,"column":8},"end":{"line":29,"column":8}},"type":"if","locations":[{"start":{"line":26,"column":8},"end":{"line":29,"column":8}},{"start":{"line":26,"column":8},"end":{"line":29,"column":8}}]},"5":{"loc":{"start":{"line":26,"column":12},"end":{"line":26,"column":24}},"type":"binary-expr","locations":[{"start":{"line":26,"column":12},"end":{"line":26,"column":24}},{"start":{"line":26,"column":25},"end":{"line":26,"column":8}}]},"6":{"loc":{"start":{"line":29,"column":8},"end":{"line":32,"column":8}},"type":"if","locations":[{"start":{"line":29,"column":8},"end":{"line":32,"column":8}},{"start":{"line":29,"column":8},"end":{"line":32,"column":8}}]},"7":{"loc":{"start":{"line":29,"column":12},"end":{"line":29,"column":24}},"type":"binary-expr","locations":[{"start":{"line":29,"column":12},"end":{"line":29,"column":24}},{"start":{"line":29,"column":25},"end":{"line":29,"column":8}}]}},"s":{"0":0,"1":0,"2":0,"3":0,"4":0,"5":0,"6":0,"7":0,"8":0,"9":0,"10":0,"11":0,"12":0,"13":0,"14":0,"15":0,"16":0,"17":0,"18":0,"19":0,"20":0,"21":0,"22":0,"23":0,"24":0,"25":0},"f":{"0":0,"1":0,"2":0,"3":0},"b":{"0":[0,0],"1":[0,0,0],"2":[0,0],"3":[0,0],"4":[0,0],"5":[0,0],"6":[0,0],"7":[0,0]}}
,"/Users/lucid/Dev2/career-path/src/screens/Careers/JobScreen.js": {"path":"/Users/lucid/Dev2/career-path/src/screens/Careers/JobScreen.js","statementMap":{"0":{"start":{"line":1,"column":0},"end":{"line":null,"column":-1}},"1":{"start":{"line":2,"column":0},"end":{"line":null,"column":-1}},"2":{"start":{"line":12,"column":23},"end":{"line":11,"column":12}},"3":{"start":{"line":13,"column":4},"end":{"line":20,"column":3}},"4":{"start":{"line":5,"column":49},"end":{"line":5,"column":48}},"5":{"start":{"line":6,"column":23},"end":{"line":5,"column":49}},"6":{"start":{"line":7,"column":4},"end":{"line":10,"column":3}}},"fnMap":{},"branchMap":{},"s":{"0":0,"1":0,"2":0,"3":0,"4":0,"5":0,"6":0},"f":{},"b":{}}
}
