TN:
SF:/Users/lucid/Dev2/career-path/src/setupTests.js
FNF:0
FNH:0
DA:4,12
LF:1
LH:1
BRF:0
BRH:0
end_of_record
TN:
SF:/Users/lucid/Dev2/career-path/src/components/index.js
FNF:0
FNH:0
LF:0
LH:0
BRF:0
BRH:0
end_of_record
TN:
SF:/Users/lucid/Dev2/career-path/src/components/Button/AnswerButton.js
FN:11,(anonymous_0)
FN:15,AnswerButton
FNF:2
FNH:1
FNDA:0,(anonymous_0)
FNDA:3,AnswerButton
DA:5,5
DA:10,5
DA:16,3
DA:17,3
DA:24,5
LF:5
LH:5
BRF:0
BRH:0
end_of_record
TN:
SF:/Users/lucid/Dev2/career-path/src/components/Button/IconButton.js
FN:11,(anonymous_0)
FN:15,IconButton
FNF:2
FNH:1
FNDA:0,(anonymous_0)
FNDA:3,IconButton
DA:5,5
DA:10,5
DA:16,3
DA:17,3
DA:28,5
LF:5
LH:5
BRF:0
BRH:0
end_of_record
TN:
SF:/Users/lucid/Dev2/career-path/src/components/Header/Header.js
FN:13,Header
FNF:1
FNH:1
FNDA:2,Header
DA:5,5
DA:9,5
DA:14,2
DA:21,5
LF:4
LH:4
BRF:0
BRH:0
end_of_record
TN:
SF:/Users/lucid/Dev2/career-path/src/components/Input/SearchInput.js
FN:16,(anonymous_0)
FN:19,(anonymous_1)
FN:29,(anonymous_2)
FN:33,(anonymous_3)
FN:40,(anonymous_4)
FN:42,(anonymous_5)
FN:47,(anonymous_6)
FN:58,(anonymous_7)
FNF:8
FNH:6
FNDA:4,(anonymous_0)
FNDA:1,(anonymous_1)
FNDA:2,(anonymous_2)
FNDA:1,(anonymous_3)
FNDA:1,(anonymous_4)
FNDA:0,(anonymous_5)
FNDA:10,(anonymous_6)
FNDA:0,(anonymous_7)
DA:17,4
DA:20,1
DA:25,1
DA:26,1
DA:27,1
DA:30,2
DA:31,2
DA:34,1
DA:38,1
DA:41,1
DA:42,0
DA:48,10
DA:58,0
DA:66,5
LF:14
LH:12
BRF:0
BRH:0
end_of_record
TN:
SF:/Users/lucid/Dev2/career-path/src/data/jobs.js
FN:52,(anonymous_0)
FNF:1
FNH:1
FNDA:8,(anonymous_0)
DA:3,4
DA:52,8
LF:2
LH:2
BRF:0
BRH:0
end_of_record
TN:
SF:/Users/lucid/Dev2/career-path/src/navigation/RootNavigation.js
FN:60,navigationOptions
FN:61,tabBarIcon
FNF:2
FNH:0
FNDA:0,navigationOptions
FNDA:0,tabBarIcon
DA:1,0
DA:2,0
DA:3,0
DA:4,0
DA:14,0
DA:32,0
DA:44,0
DA:60,0
DA:61,0
DA:62,0
DA:63,0
DA:64,0
DA:65,0
DA:66,0
DA:67,0
DA:69,0
LF:16
LH:0
BRDA:64,0,0,0
BRDA:64,0,1,0
BRDA:65,1,0,0
BRDA:65,1,1,0
BRDA:66,2,0,0
BRDA:66,2,1,0
BRDA:67,3,0,0
BRDA:67,3,1,0
BRF:8
BRH:0
end_of_record
TN:
SF:/Users/lucid/Dev2/career-path/src/redux/assessments.js
FN:3,setAssessment
FN:14,assessments
FNF:2
FNH:2
FNDA:7,setAssessment
FNDA:2,assessments
DA:1,3
DA:4,7
DA:10,3
DA:15,2
DA:17,1
DA:22,1
LF:6
LH:6
BRDA:14,0,0,0
BRDA:15,1,0,1
BRDA:15,1,1,1
BRF:3
BRH:2
end_of_record
TN:
SF:/Users/lucid/Dev2/career-path/src/screens/index.js
FNF:0
FNH:0
DA:1,0
DA:2,0
DA:3,0
DA:4,0
DA:5,0
DA:6,0
DA:7,0
LF:7
LH:0
BRF:0
BRH:0
end_of_record
TN:
SF:/Users/lucid/Dev2/career-path/src/screens/Assessment/AssessmentScreen.js
FN:13,(anonymous_0)
FN:22,(anonymous_1)
FN:25,(anonymous_2)
FN:28,(anonymous_3)
FN:58,mapStateToProps
FNF:5
FNH:4
FNDA:5,(anonymous_0)
FNDA:1,(anonymous_1)
FNDA:1,(anonymous_2)
FNDA:4,(anonymous_3)
FNDA:0,mapStateToProps
DA:14,5
DA:15,5
DA:16,3
DA:17,3
DA:19,1
DA:23,1
DA:26,1
DA:29,4
DA:43,1
DA:59,0
LF:10
LH:9
BRDA:31,0,0,4
BRDA:31,0,1,4
BRF:2
BRH:2
end_of_record
TN:
SF:/Users/lucid/Dev2/career-path/src/screens/Assessment/QuestionnaireScreen.js
FN:23,(anonymous_0)
FN:34,(anonymous_1)
FN:35,(anonymous_2)
FN:51,(anonymous_3)
FN:58,(anonymous_4)
FN:62,(anonymous_5)
FN:66,(anonymous_6)
FNF:7
FNH:5
FNDA:2,(anonymous_0)
FNDA:1,(anonymous_1)
FNDA:6,(anonymous_2)
FNDA:12,(anonymous_3)
FNDA:2,(anonymous_4)
FNDA:0,(anonymous_5)
FNDA:0,(anonymous_6)
DA:9,1
DA:24,2
DA:25,2
DA:26,2
DA:30,2
DA:31,1
DA:35,1
DA:36,6
DA:37,3
DA:39,6
DA:41,1
DA:42,1
DA:43,1
DA:45,0
DA:47,1
DA:48,1
DA:49,1
DA:52,12
DA:58,2
DA:62,0
DA:66,0
DA:77,1
LF:22
LH:19
BRDA:30,0,0,1
BRDA:30,0,1,1
BRDA:36,1,0,3
BRDA:36,1,1,3
BRF:4
BRH:4
end_of_record
TN:
SF:/Users/lucid/Dev2/career-path/src/screens/Careers/CareersListScreen.js
FN:5,(anonymous_0)
FN:11,(anonymous_1)
FN:14,(anonymous_2)
FN:16,(anonymous_3)
FN:23,(anonymous_4)
FN:29,(anonymous_5)
FNF:6
FNH:3
FNDA:0,(anonymous_0)
FNDA:1,(anonymous_1)
FNDA:1,(anonymous_2)
FNDA:0,(anonymous_3)
FNDA:2,(anonymous_4)
FNDA:0,(anonymous_5)
DA:6,0
DA:7,0
DA:12,1
DA:15,1
DA:16,0
DA:24,2
DA:29,0
DA:35,1
LF:8
LH:4
BRF:0
BRH:0
end_of_record
TN:
SF:/Users/lucid/Dev2/career-path/src/screens/Careers/CareersScreen.js
FN:11,(anonymous_0)
FN:14,(anonymous_1)
FN:17,(anonymous_2)
FN:20,(anonymous_3)
FNF:4
FNH:4
FNDA:1,(anonymous_0)
FNDA:1,(anonymous_1)
FNDA:1,(anonymous_2)
FNDA:1,(anonymous_3)
DA:12,1
DA:15,1
DA:18,1
DA:21,1
DA:35,1
LF:5
LH:5
BRF:0
BRH:0
end_of_record
TN:
SF:/Users/lucid/Dev2/career-path/src/screens/Careers/CategoriesListScreen.js
FN:9,(anonymous_0)
FN:12,(anonymous_1)
FN:14,(anonymous_2)
FN:21,(anonymous_3)
FN:27,(anonymous_4)
FNF:5
FNH:3
FNDA:1,(anonymous_0)
FNDA:1,(anonymous_1)
FNDA:0,(anonymous_2)
FNDA:2,(anonymous_3)
FNDA:0,(anonymous_4)
DA:10,1
DA:13,1
DA:14,0
DA:22,2
DA:27,0
DA:33,1
LF:6
LH:4
BRF:0
BRH:0
end_of_record
TN:
SF:/Users/lucid/Dev2/career-path/src/screens/Careers/FilterScreen.js
FN:17,(anonymous_0)
FN:20,(anonymous_1)
FN:37,(anonymous_2)
FN:44,(anonymous_3)
FN:53,(anonymous_4)
FN:62,(anonymous_5)
FNF:6
FNH:6
FNDA:1,(anonymous_0)
FNDA:6,(anonymous_1)
FNDA:5,(anonymous_2)
FNDA:1,(anonymous_3)
FNDA:1,(anonymous_4)
FNDA:1,(anonymous_5)
DA:18,1
DA:19,1
DA:20,1
DA:21,6
DA:22,6
DA:23,6
DA:24,0
DA:26,6
DA:27,0
DA:29,6
DA:30,2
DA:32,6
DA:34,1
DA:38,5
DA:44,1
DA:53,1
DA:62,1
DA:76,1
LF:18
LH:16
BRDA:19,0,0,1
BRDA:19,0,1,0
BRDA:19,1,0,1
BRDA:19,1,1,0
BRDA:19,1,2,0
BRDA:23,2,0,0
BRDA:23,2,1,6
BRDA:23,3,0,6
BRDA:23,3,1,6
BRDA:26,4,0,0
BRDA:26,4,1,6
BRDA:26,5,0,6
BRDA:26,5,1,6
BRDA:29,6,0,2
BRDA:29,6,1,4
BRDA:29,7,0,6
BRDA:29,7,1,6
BRF:17
BRH:12
end_of_record
TN:
SF:/Users/lucid/Dev2/career-path/src/screens/Careers/JobScreen.js
FN:5,(anonymous_0)
FN:11,(anonymous_1)
FNF:2
FNH:1
FNDA:0,(anonymous_0)
FNDA:1,(anonymous_1)
DA:6,0
DA:7,0
DA:12,1
DA:13,1
LF:4
LH:2
BRF:0
BRH:0
end_of_record
